<?xml version="1.0" encoding="UTF-8"?>
<!-- Generated by org.testng.reporters.JUnitXMLReporter -->
<testsuite ignored="0" hostname="Vaibhav-HP" failures="0" tests="4" name="Default test" time="5.63" errors="0" timestamp="2025-03-24T22:56:46 IST">
  <testcase classname="day1_HTTPRequests.HTTPRequests" name="getUsers" time="3.272"/>
  <testcase classname="day1_HTTPRequests.HTTPRequests" name="createUser" time="0.861"/>
  <testcase classname="day1_HTTPRequests.HTTPRequests" name="updateUser" time="0.361"/>
  <testcase classname="day1_HTTPRequests.HTTPRequests" name="deleteUser" time="1.042"/>
</testsuite> <!-- Default test -->
