<?xml version="1.0" encoding="UTF-8"?>
<testng-results ignored="0" total="4" passed="4" failed="0" skipped="0">
  <reporter-output>
  </reporter-output>
  <suite started-at="2025-03-24T22:56:40 IST" name="Default suite" finished-at="2025-03-24T22:56:46 IST" duration-ms="5630">
    <groups>
    </groups>
    <test started-at="2025-03-24T22:56:40 IST" name="Default test" finished-at="2025-03-24T22:56:46 IST" duration-ms="5630">
      <class name="day1_HTTPRequests.HTTPRequests">
        <test-method signature="getUsers()[pri:1, instance:day1_HTTPRequests.HTTPRequests@51399530]" started-at="2025-03-24T22:56:40 IST" name="getUsers" finished-at="2025-03-24T22:56:44 IST" duration-ms="3272" status="PASS">
          <reporter-output>
          </reporter-output>
        </test-method> <!-- getUsers -->
        <test-method signature="createUser()[pri:2, instance:day1_HTTPRequests.HTTPRequests@51399530]" started-at="2025-03-24T22:56:44 IST" name="createUser" finished-at="2025-03-24T22:56:44 IST" duration-ms="861" status="PASS">
          <reporter-output>
          </reporter-output>
        </test-method> <!-- createUser -->
        <test-method signature="updateUser()[pri:3, instance:day1_HTTPRequests.HTTPRequests@51399530]" started-at="2025-03-24T22:56:44 IST" name="updateUser" finished-at="2025-03-24T22:56:45 IST" depends-on-methods="day1_HTTPRequests.HTTPRequests.createUser" duration-ms="361" status="PASS">
          <reporter-output>
          </reporter-output>
        </test-method> <!-- updateUser -->
        <test-method signature="deleteUser()[pri:4, instance:day1_HTTPRequests.HTTPRequests@51399530]" started-at="2025-03-24T22:56:45 IST" name="deleteUser" finished-at="2025-03-24T22:56:46 IST" duration-ms="1042" status="PASS">
          <reporter-output>
          </reporter-output>
        </test-method> <!-- deleteUser -->
      </class> <!-- day1_HTTPRequests.HTTPRequests -->
    </test> <!-- Default test -->
  </suite> <!-- Default suite -->
</testng-results>
